<?xml version="1.0" encoding="UTF-8"?>
<!-- Generated by org.testng.reporters.JUnitReportReporter -->
<testsuite hostname="HP-PC" failures="0" tests="3" name="com.TestCases.OrangeHRM" time="46.975" errors="0" timestamp="2022-05-05T11:51:47 IST" skipped="0">
  <testcase classname="com.TestCases.OrangeHRM" name="loginPageTest" time="12.182"/>
  <system-out/>
  <testcase classname="com.TestCases.OrangeHRM" name="sampleCase" time="16.423"/>
  <system-out/>
  <testcase classname="com.TestCases.OrangeHRM" name="loginTest" time="18.370"/>
  <system-out/>
</testsuite> <!-- com.TestCases.OrangeHRM -->
