<?xml version="1.0" encoding="UTF-8"?>
<!-- Generated by org.testng.reporters.JUnitReportReporter -->
<testsuite hostname="HP-PC" failures="0" tests="3" name="com.TestCases.OrangeHRM" time="41.165" errors="0" timestamp="2022-05-04T10:39:14 IST" skipped="0">
  <testcase classname="com.TestCases.OrangeHRM" name="loginPageTest" time="9.906"/>
  <system-out/>
  <testcase classname="com.TestCases.OrangeHRM" name="sampleCase" time="14.527"/>
  <system-out/>
  <testcase classname="com.TestCases.OrangeHRM" name="loginTest" time="16.732"/>
  <system-out/>
</testsuite> <!-- com.TestCases.OrangeHRM -->
